This file contains any messages produced by compilers while
running configure, to aid debugging if configure makes a mistake.

It was created by configure, which was
generated by GNU Autoconf 2.62.  Invocation command line was

  $ ./configure 

## --------- ##
## Platform. ##
## --------- ##

hostname = arch-laptop
uname -m = x86_64
uname -r = 2.6.34-ARCH
uname -s = Linux
uname -v = #1 SMP PREEMPT Sat Jun 19 00:07:49 CEST 2010

/usr/bin/uname -p = unknown
/bin/uname -X     = unknown

/bin/arch              = x86_64
/usr/bin/arch -k       = unknown
/usr/convex/getsysinfo = unknown
/usr/bin/hostinfo      = unknown
/bin/machine           = unknown
/usr/bin/oslevel       = unknown
/bin/universe          = unknown

PATH: /usr/local/texlive/p2009/bin/x86_64-unknown-linux-gnu/
PATH: /bin
PATH: /usr/bin
PATH: /sbin
PATH: /usr/sbin
PATH: /opt/kde/bin
PATH: /usr/bin/perlbin/site
PATH: /usr/bin/perlbin/vendor
PATH: /usr/bin/perlbin/core
PATH: /opt/qt/bin
PATH: /home/masaru/.gem/ruby/1.9.1/bin
PATH: /home/masaru/bin


## ----------- ##
## Core tests. ##
## ----------- ##

configure:1807: checking for a BSD-compatible install
configure:1875: result: /bin/install -c
configure:1886: checking whether build environment is sane
configure:1929: result: yes
configure:1991: checking for gawk
configure:2007: found /bin/gawk
configure:2018: result: gawk
configure:2029: checking whether make sets $(MAKE)
configure:2051: result: yes
configure:2235: checking whether to enable maintainer-specific portions of Makefiles
configure:2244: result: no
configure:2269: checking for emacs
configure:2285: found /usr/bin/emacs
configure:2296: result: emacs
configure:2320: checking where .elc files should go
configure:2333: $EMACS -batch -q -eval '(while load-path (princ (concat (car load-path) "\n")) (setq load-path (cdr load-path)))' </dev/null >conftest.out
configure:2336: $? = 0
configure:2349: result: ${datadir}/emacs/site-lisp
configure:2358: checking detecting your emacs type
configure:2375: result: emacs21
configure:2444: checking where icon files should go
configure:2475: result: /usr/share/emacs/23.2/etc/navi2ch/icons
configure:2632: creating ./config.status

## ---------------------- ##
## Running config.status. ##
## ---------------------- ##

This file was extended by config.status, which was
generated by GNU Autoconf 2.62.  Invocation command line was

  CONFIG_FILES    = 
  CONFIG_HEADERS  = 
  CONFIG_LINKS    = 
  CONFIG_COMMANDS = 
  $ ./config.status 

on arch-laptop

config.status:668: creating Makefile
config.status:668: creating contrib/Makefile
config.status:668: creating doc/Makefile
config.status:668: creating icons/Makefile
config.status:668: creating navi2ch-config.el

## ---------------- ##
## Cache variables. ##
## ---------------- ##

_cv_icondir=/usr/share/emacs/23.2/etc/navi2ch/icons
ac_cv_env_EMACSLOADPATH_set=
ac_cv_env_EMACSLOADPATH_value=
ac_cv_env_EMACS_set=
ac_cv_env_EMACS_value=
ac_cv_env_build_alias_set=
ac_cv_env_build_alias_value=
ac_cv_env_host_alias_set=
ac_cv_env_host_alias_value=
ac_cv_env_target_alias_set=
ac_cv_env_target_alias_value=
ac_cv_path_install='/bin/install -c'
ac_cv_prog_AWK=gawk
ac_cv_prog_EMACS=emacs
ac_cv_prog_make_make_set=yes
am_cv_lispdir='${datadir}/emacs/site-lisp'

## ----------------- ##
## Output variables. ##
## ----------------- ##

ACLOCAL='${SHELL} /home/masaru/.emacs.d/elisp/navi2ch/missing --run aclocal-1.9'
AMTAR='${SHELL} /home/masaru/.emacs.d/elisp/navi2ch/missing --run tar'
AUTOCONF='${SHELL} /home/masaru/.emacs.d/elisp/navi2ch/missing --run autoconf'
AUTOHEADER='${SHELL} /home/masaru/.emacs.d/elisp/navi2ch/missing --run autoheader'
AUTOMAKE='${SHELL} /home/masaru/.emacs.d/elisp/navi2ch/missing --run automake-1.9'
AWK='gawk'
CYGPATH_W='echo'
DEFS='-DPACKAGE_NAME=\"\" -DPACKAGE_TARNAME=\"\" -DPACKAGE_VERSION=\"\" -DPACKAGE_STRING=\"\" -DPACKAGE_BUGREPORT=\"\" -DPACKAGE=\"navi2ch\" -DVERSION=\"2.0.0-DEV\"'
ECHO_C=''
ECHO_N='-n'
ECHO_T=''
EMACS='emacs'
EMACSLOADPATH=''
INSTALL_DATA='${INSTALL} -m 644'
INSTALL_PROGRAM='${INSTALL}'
INSTALL_SCRIPT='${INSTALL}'
INSTALL_STRIP_PROGRAM='${SHELL} $(install_sh) -c -s'
LIBOBJS=''
LIBS=''
LTLIBOBJS=''
MAINT='#'
MAINTAINER_MODE_FALSE=''
MAINTAINER_MODE_TRUE='#'
MAKEINFO='${SHELL} /home/masaru/.emacs.d/elisp/navi2ch/missing --run makeinfo'
PACKAGE='navi2ch'
PACKAGE_BUGREPORT=''
PACKAGE_NAME=''
PACKAGE_STRING=''
PACKAGE_TARNAME=''
PACKAGE_VERSION=''
PATH_SEPARATOR=':'
SET_MAKE=''
SHELL='/bin/sh'
STRIP=''
VERSION='2.0.0-DEV'
am__leading_dot='.'
am__tar='${AMTAR} chof - "$$tardir"'
am__untar='${AMTAR} xf -'
bindir='${exec_prefix}/bin'
build_alias=''
datadir='${datarootdir}'
datarootdir='${prefix}/share'
docdir='${datarootdir}/doc/${PACKAGE}'
dvidir='${docdir}'
exec_prefix='${prefix}'
host_alias=''
htmldir='${docdir}'
icondir='/usr/share/emacs/23.2/etc/navi2ch/icons'
includedir='${prefix}/include'
infodir='${datarootdir}/info'
install_sh='/home/masaru/.emacs.d/elisp/navi2ch/install-sh'
libdir='${exec_prefix}/lib'
libexecdir='${exec_prefix}/libexec'
lispdir='${datadir}/emacs/site-lisp'
localedir='${datarootdir}/locale'
localstatedir='${prefix}/var'
mandir='${datarootdir}/man'
mkdir_p='mkdir -p --'
oldincludedir='/usr/include'
packagedir=''
pdfdir='${docdir}'
prefix='/usr/local'
program_transform_name='s,x,x,'
psdir='${docdir}'
sbindir='${exec_prefix}/sbin'
sharedstatedir='${prefix}/com'
sysconfdir='${prefix}/etc'
target_alias=''

## ----------- ##
## confdefs.h. ##
## ----------- ##

#define PACKAGE_NAME ""
#define PACKAGE_TARNAME ""
#define PACKAGE_VERSION ""
#define PACKAGE_STRING ""
#define PACKAGE_BUGREPORT ""
#define PACKAGE "navi2ch"
#define VERSION "2.0.0-DEV"

configure: exit 0
